Flutter crash report.
Please report a bug at https://github.com/flutter/flutter/issues.

## command

flutter run

## exception

HttpException: HttpException: Content size exceeds specified contentLength. 12052 bytes written while expected 11842. [import 'package:flutter/material.dart';

void main() {
  runApp(MyApp());
}

class MyApp extends StatelessWidget {
  // This widget is the root of your application.
  @override
  Widget build(BuildContext context) {
    //const sizedBoxSpace = SizedBox(height: 60, width: 400);
    return MaterialApp(
    home: new Scaffold(
    body: Container(
    //width: 200, height: 200,
    width: double.infinity,
    height:double.infinity,
    color: Colors.white,
      child: Row(
        mainAxisAlignment: MainAxisAlignment.center,
        children:[
        Expanded(
                child: Container(
                 //width: 50, height: 50,
                 decoration: BoxDecoration( color: Color(0xff181818))),
                 child: Text("AI Shopping System"),
                 textAlign: textAlign.right,
                 fontSize: 100,
                 color: Colors.white,
                 fontFamily: 'Inria Serif'
                ),
                Expanded(
                child: Container( 
                //width: 50, height: 50,
                decoration: BoxDecoration( color: Colors.white)),
        ),
        ]
        /*ConstrainedBox(
          color: Color(0xff181818),
            padding: const EdgeInsets.only(left: 140, right: 40, ),
              children:[
                SizedBox(
                  width: 470,
                  height: 768,
                  child: Text(
                    "AI Shopping System",
                    textAlign: TextAlign.right,
                    style: TextStyle(
                      color: Colors.white,
                      fontSize: 100,
                    ),
                  ),
                ),
              ],
              
             ),
             ConstrainedBox(
             constraints:const BoxConstraints.expand(),
             //color: Colors.blue,
             ),
                ],*/
                ),
                ),
                ),
                );
                }
                }
   /*         child: Container(
          	width: 458,
                height: 515,
		alignment: Alignment.center,
             padding: const EdgeInsets.only(left: 30, right: 28, top: 20, bottom: 12, ),
            child: Column(
              mainAxisSize: MainAxisSize.min,
              mainAxisAlignment: MainAxisAlignment.end,
              crossAxisAlignment: CrossAxisAlignment.center,
              children:[
                Container(
                  width: 400,
                  height: 60,
                  child: Row(
                    mainAxisSize: MainAxisSize.min,
                    mainAxisAlignment: MainAxisAlignment.center,
                    crossAxisAlignment: CrossAxisAlignment.center,
                    children:[
                      SizedBox(
                        width: 400,
                        height: 60,
                        child: Text(
                          "LOGIN",
                          textAlign: TextAlign.center,
                          style: TextStyle(
                            color: Colors.black,
                            fontSize: 50,
                          ),
                        ),
                      ),
                    ],
                  ),
                ),
                SizedBox(height: 15.50),
                Container(
                  width: 404,
                  height: 64,
                  decoration: BoxDecoration(
                    borderRadius: BorderRadius.circular(100),
                    border: Border.all(color: Color(0xcc000000), width: 2, ),
                    color: Colors.white,
                  ),
                  padding: const EdgeInsets.only(left: 33, right: 30, top: 12, bottom: 8, ),
                  child: Row(
                    mainAxisSize: MainAxisSize.min,
                    mainAxisAlignment: MainAxisAlignment.end,
                    crossAxisAlignment: CrossAxisAlignment.center,
                    children:[
                      Container(
                        width: 35,
                        height: 35,
                        decoration: BoxDecoration(
                          borderRadius: BorderRadius.circular(8),
                        ),
                        child: FlutterLogo(size: 35),
                      ),
                      //----------------
                      sizedBoxSpace,
                      TextFormField(
                        decoration: InputDecoration(
                          filled: true,
                          hintText: "Email/Username",
                          labelText: "Username/Email",
                          labelStyle: TextStyle(
                            color: Colors.black,
                            fontSize: 20,
                            fontFamily: 'Nunito Sans',
                            fontWeight: FontWeight.w300,
                          ),
                        ),
                      ),
                      //----------------
                    ],
                  ),
                ),
                SizedBox(height: 15.50),
                Container(
                  width: 404,
                  height: 64,
                  decoration: BoxDecoration(
                    borderRadius: BorderRadius.circular(100),
                    border: Border.all(color: Color(0xcc000000), width: 2, ),
                    color: Colors.white,
                  ),
                  padding: const EdgeInsets.only(left: 35, right: 38, ),
                  child: Row(
                    mainAxisSize: MainAxisSize.min,
                    mainAxisAlignment: MainAxisAlignment.end,
                    crossAxisAlignment: CrossAxisAlignment.center,
                    children:[
                      Container(
                        width: 25.62,
                        height: 23.43,
                        decoration: BoxDecoration(
                          borderRadius: BorderRadius.circular(8),
                          border: Border.all(color: Color(0xffcacaca), width: 2, ),
                          color: Color(0x7f7f3a44),
                        ),
                      ),
                      SizedBox(width: 21.38),
                      SizedBox(
                        width: 282,
                        child: Opacity(
                          opacity: 0.60,
                          child: Text(
                            "Password",
                            style: TextStyle(
                              color: Colors.black,
                              fontSize: 20,
                              fontFamily: "Nunito Sans",
                              fontWeight: FontWeight.w300,
                            ),
                          ),
                        ),
                      ),
                    ],
                  ),
                ),
                SizedBox(height: 15.50),
                Container(
                  width: 400,
                  height: 60,
                  decoration: BoxDecoration(
                    borderRadius: BorderRadius.circular(100),
                    color: Color(0xff181818),
                  ),
                  child: Row(
                    mainAxisSize: MainAxisSize.min,
                    mainAxisAlignment: MainAxisAlignment.center,
                    crossAxisAlignment: CrossAxisAlignment.center,
                    children:[
                      SizedBox(
                        width: 400,
                        height: 60,
                        child: Text(
                          "LOGIN",
                          textAlign: TextAlign.center,
                          style: TextStyle(
                            color: Colors.white,
                            fontSize: 20,
                          ),
                        ),
                      ),
                    ],
                  ),
                ),
                SizedBox(height: 15.50),
                Container(
                  width: 150,
                  height: 50,
                  child: Row(
                    mainAxisSize: MainAxisSize.min,
                    mainAxisAlignment: MainAxisAlignment.center,
                    crossAxisAlignment: CrossAxisAlignment.center,
                    children:[
                      SizedBox(
                        width: 150,
                        height: 50,
                        child: Text(
                          "Forgot password?",
                          textAlign: TextAlign.center,
                          style: TextStyle(
                            color: Colors.black,
                            fontSize: 18,
                          ),
                        ),
                      ),
                    ],
                  ),
                ),
                SizedBox(height: 15.50),
                Container(
                  width: 400,
                  height: 40,
                  padding: const EdgeInsets.only(top: 9, bottom: 5, ),
                  child: Row(
                    mainAxisSize: MainAxisSize.min,
                    mainAxisAlignment: MainAxisAlignment.end,
                    crossAxisAlignment: CrossAxisAlignment.end,
                    children:[
                      Container(
                        width: 150,
                        height: 5,
                        decoration: BoxDecoration(
                          borderRadius: BorderRadius.circular(8),
                        ),
                        child: FlutterLogo(size: 5),
                      ),
                      SizedBox(width: 33),
                      SizedBox(
                        width: 34,
                        height: 26,
                        child: Text(
                          "OR",
                          style: TextStyle(
                            color: Colors.black,
                            fontSize: 20,
                          ),
                        ),
                      ),
                      SizedBox(width: 33),
                      Container(
                        width: 150,
                        height: 5,
                        decoration: BoxDecoration(
                          borderRadius: BorderRadius.circular(8),
                        ),
                        child: FlutterLogo(size: 5),
                      ),
                    ],
                  ),
                ),
                SizedBox(height: 15.50),
                Container(
                  width: 400,
                  height: 60,
                  decoration: BoxDecoration(
                    borderRadius: BorderRadius.circular(100),
                    border: Border.all(color: Colors.black, width: 2, ),
                    color: Colors.white,
                  ),
                  padding: const EdgeInsets.only(left: 66, right: 61, ),
                  child: Row(
                    mainAxisSize: MainAxisSize.min,
                    mainAxisAlignment: MainAxisAlignment.end,
                    crossAxisAlignment: CrossAxisAlignment.center,
                    children:[
                      Container(
                        width: 32,
                        height: 27.27,
                        decoration: BoxDecoration(
                          borderRadius: BorderRadius.circular(8),
                          color: Colors.black,
                        ),
                      ),
                      SizedBox(width: 28),
                      SizedBox(
                        width: 213.60,
                        height: 22.50,
                        child: Text(
                          "Sign in with google",
                          style: TextStyle(
                            color: Colors.black,
                            fontSize: 20,
                          ),
                        ),
                      ),
                    ],
                  ),
                
                ),
                ),
             ],
           ),
          );
  }
}

 */ 
]

```
```

## flutter doctor

```
[✓] Flutter (Channel stable, 2.0.4, on Linux, locale en_ZA.UTF-8)
    • Flutter version 2.0.4 at /home/marandos/snap/flutter/common/flutter
    • Framework revision b1395592de (7 days ago), 2021-04-01 14:25:01 -0700
    • Engine revision 2dce47073a
    • Dart version 2.12.2

[✓] Android toolchain - develop for Android devices (Android SDK version 30.0.3)
    • Android SDK at /home/marandos/Android/Sdk
    • Platform android-30, build-tools 30.0.3
    • Java binary at: /usr/bin/java
    • Java version OpenJDK Runtime Environment (build 11.0.10+9-Ubuntu-0ubuntu1.20.04)
    • All Android licenses accepted.

[✓] Chrome - develop for the web
    • Chrome at google-chrome

[!] Android Studio (not installed)
    • Android Studio not found; download from https://developer.android.com/studio/index.html
      (or visit https://flutter.dev/docs/get-started/install/linux#android-setup for detailed instructions).

[✓] Connected device (1 available)
    • Chrome (web) • chrome • web-javascript • Google Chrome 89.0.4389.114

! Doctor found issues in 1 category.
```
